  1>Checking Build System
  CMake is re-running because generate.stamp.list is missing.
  -- Building for: Visual Studio 17 2022
  -- Selecting Windows SDK version 10.0.22621.0 to target Windows 10.0.19045.
  -- The C compiler identification is MSVC 19.38.33133.0
  -- Detecting C compiler ABI info
  -- Detecting C compiler ABI info - done
  -- Check for working C compiler: C:/Program Files/Microsoft Visual Studio/2022/Community/VC/Tools/MSVC/14.38.33130/bin/Hostx64/x64/cl.exe - skipped
  -- Detecting C compile features
  -- Detecting C compile features - done
  -- Performing Test CMAKE_HAVE_LIBC_PTHREAD
  -- Performing Test CMAKE_HAVE_LIBC_PTHREAD - Failed
  -- Looking for pthread_create in pthreads
  -- Looking for pthread_create in pthreads - not found
  -- Looking for pthread_create in pthread
  -- Looking for pthread_create in pthread - not found
  -- Found Threads: TRUE  
  -- Found Doxygen: C:/mingw64/bin/doxygen.exe (found version "1.9.8") found components: doxygen 
  -- Using Win32 for window creation
  -- Configuring done (3.0s)
  -- Generating done (0.8s)
  -- Build files have been written to: C:/Users/BEAST/Desktop/OpenGl/glfw_3.3.9/build
